<?xml version="1.0" encoding="UTF-8"?>
<!-- Generated by org.testng.reporters.JUnitReportReporter -->
<testsuite hostname="DESKTOP-U619QKV" failures="0" tests="2" name="qaacademy.Mavenjava.AppiumTest" time="0.001" errors="0" timestamp="2021-02-10T11:07:24 PST" skipped="0">
  <testcase classname="qaacademy.Mavenjava.AppiumTest" name="NativeAppAndroid" time="0.000"/>
  <system-out/>
  <testcase classname="qaacademy.Mavenjava.AppiumTest" name="IOSApps" time="0.001"/>
  <system-out/>
</testsuite> <!-- qaacademy.Mavenjava.AppiumTest -->
