<?xml version="1.0" encoding="UTF-8"?>
<!-- Generated by org.testng.reporters.JUnitReportReporter -->
<testsuite hostname="DESKTOP-U619QKV" failures="0" tests="2" name="qaacademy.Mavenjava.SeleniumTest" time="0.000" errors="0" timestamp="2021-02-10T11:09:37 PST" skipped="0">
  <testcase classname="qaacademy.Mavenjava.SeleniumTest" name="BrowserAutomation" time="0.000"/>
  <system-out/>
  <testcase classname="qaacademy.Mavenjava.SeleniumTest" name="elementsUi" time="0.000"/>
  <system-out/>
</testsuite> <!-- qaacademy.Mavenjava.SeleniumTest -->
